# JRE version: OpenJDK Runtime Environment (11.0.15) (build 11.0.15+0-b2043.56-9505619)
# Java VM: OpenJDK 64-Bit Server VM (11.0.15+0-b2043.56-9505619, mixed mode, tiered, compressed oops, g1 gc, windows-amd64)
Heap:
 garbage-first heap   total 251904K, used 175510K [0x0000000080000000, 0x0000000100000000)
  region size 1024K, 42 young (43008K), 2 survivors (2048K)
 Metaspace       used 129395K, capacity 133687K, committed 133928K, reserved 1165312K
  class space    used 16179K, capacity 17739K, committed 17792K, reserved 1048576K
GC Heap History (20 events):
Event: 2843.951 GC heap before
{Heap before GC invocations=60 (full 0):
 garbage-first heap   total 251904K, used 132222K [0x0000000080000000, 0x0000000100000000)
  region size 1024K, 12 young (12288K), 9 survivors (9216K)
 Metaspace       used 127660K, capacity 131444K, committed 132392K, reserved 1163264K
  class space    used 15959K, capacity 17349K, committed 17792K, reserved 1048576K
}
Event: 2843.961 GC heap after
{Heap after GC invocations=61 (full 0):
 garbage-first heap   total 251904K, used 129230K [0x0000000080000000, 0x0000000100000000)
  region size 1024K, 2 young (2048K), 2 survivors (2048K)
 Metaspace       used 127660K, capacity 131444K, committed 132392K, reserved 1163264K
  class space    used 15959K, capacity 17349K, committed 17792K, reserved 1048576K
}
Event: 2847.722 GC heap before
{Heap before GC invocations=61 (full 0):
 garbage-first heap   total 251904K, used 198862K [0x0000000080000000, 0x0000000100000000)
  region size 1024K, 71 young (72704K), 2 survivors (2048K)
 Metaspace       used 127731K, capacity 131532K, committed 132392K, reserved 1163264K
  class space    used 15961K, capacity 17351K, committed 17792K, reserved 1048576K
}
Event: 2847.728 GC heap after
{Heap after GC invocations=62 (full 0):
 garbage-first heap   total 251904K, used 130971K [0x0000000080000000, 0x0000000100000000)
  region size 1024K, 3 young (3072K), 3 survivors (3072K)
 Metaspace       used 127731K, capacity 131532K, committed 132392K, reserved 1163264K
  class space    used 15961K, capacity 17351K, committed 17792K, reserved 1048576K
}
Event: 2910.548 GC heap before
{Heap before GC invocations=63 (full 0):
 garbage-first heap   total 251904K, used 219035K [0x0000000080000000, 0x0000000100000000)
  region size 1024K, 74 young (75776K), 3 survivors (3072K)
 Metaspace       used 128305K, capacity 132273K, committed 132648K, reserved 1165312K
  class space    used 16011K, capacity 17444K, committed 17792K, reserved 1048576K
}
Event: 2910.556 GC heap after
{Heap after GC invocations=64 (full 0):
 garbage-first heap   total 251904K, used 135998K [0x0000000080000000, 0x0000000100000000)
  region size 1024K, 9 young (9216K), 9 survivors (9216K)
 Metaspace       used 128305K, capacity 132273K, committed 132648K, reserved 1165312K
  class space    used 16011K, capacity 17444K, committed 17792K, reserved 1048576K
}
Event: 2910.596 GC heap before
{Heap before GC invocations=64 (full 0):
 garbage-first heap   total 251904K, used 139070K [0x0000000080000000, 0x0000000100000000)
  region size 1024K, 12 young (12288K), 9 survivors (9216K)
 Metaspace       used 128325K, capacity 132355K, committed 132904K, reserved 1165312K
  class space    used 16013K, capacity 17447K, committed 17792K, reserved 1048576K
}
Event: 2910.609 GC heap after
{Heap after GC invocations=65 (full 0):
 garbage-first heap   total 251904K, used 126759K [0x0000000080000000, 0x0000000100000000)
  region size 1024K, 2 young (2048K), 2 survivors (2048K)
 Metaspace       used 128325K, capacity 132355K, committed 132904K, reserved 1165312K
  class space    used 16013K, capacity 17447K, committed 17792K, reserved 1048576K
}
Event: 2911.301 GC heap before
{Heap before GC invocations=65 (full 0):
 garbage-first heap   total 251904K, used 199463K [0x0000000080000000, 0x0000000100000000)
  region size 1024K, 74 young (75776K), 2 survivors (2048K)
 Metaspace       used 128692K, capacity 132882K, committed 133160K, reserved 1165312K
  class space    used 16102K, capacity 17612K, committed 17792K, reserved 1048576K
}
Event: 2911.311 GC heap after
{Heap after GC invocations=66 (full 0):
 garbage-first heap   total 251904K, used 129733K [0x0000000080000000, 0x0000000100000000)
  region size 1024K, 5 young (5120K), 5 survivors (5120K)
 Metaspace       used 128692K, capacity 132882K, committed 133160K, reserved 1165312K
  class space    used 16102K, capacity 17612K, committed 17792K, reserved 1048576K
}
Event: 2914.297 GC heap before
{Heap before GC invocations=67 (full 0):
 garbage-first heap   total 251904K, used 201413K [0x0000000080000000, 0x0000000100000000)
  region size 1024K, 77 young (78848K), 5 survivors (5120K)
 Metaspace       used 128878K, capacity 133130K, committed 133416K, reserved 1165312K
  class space    used 16120K, capacity 17644K, committed 17792K, reserved 1048576K
}
Event: 2914.310 GC heap after
{Heap after GC invocations=68 (full 0):
 garbage-first heap   total 251904K, used 136640K [0x0000000080000000, 0x0000000100000000)
  region size 1024K, 10 young (10240K), 10 survivors (10240K)
 Metaspace       used 128878K, capacity 133130K, committed 133416K, reserved 1165312K
  class space    used 16120K, capacity 17644K, committed 17792K, reserved 1048576K
}
Event: 2914.322 GC heap before
{Heap before GC invocations=68 (full 0):
 garbage-first heap   total 251904K, used 138688K [0x0000000080000000, 0x0000000100000000)
  region size 1024K, 12 young (12288K), 10 survivors (10240K)
 Metaspace       used 128878K, capacity 133130K, committed 133416K, reserved 1165312K
  class space    used 16120K, capacity 17644K, committed 17792K, reserved 1048576K
}
Event: 2914.334 GC heap after
{Heap after GC invocations=69 (full 0):
 garbage-first heap   total 251904K, used 128688K [0x0000000080000000, 0x0000000100000000)
  region size 1024K, 2 young (2048K), 2 survivors (2048K)
 Metaspace       used 128878K, capacity 133130K, committed 133416K, reserved 1165312K
  class space    used 16120K, capacity 17644K, committed 17792K, reserved 1048576K
}
Event: 2914.635 GC heap before
{Heap before GC invocations=69 (full 0):
 garbage-first heap   total 251904K, used 201392K [0x0000000080000000, 0x0000000100000000)
  region size 1024K, 74 young (75776K), 2 survivors (2048K)
 Metaspace       used 129050K, capacity 133295K, committed 133672K, reserved 1165312K
  class space    used 16134K, capacity 17656K, committed 17792K, reserved 1048576K
}
Event: 2914.641 GC heap after
{Heap after GC invocations=70 (full 0):
 garbage-first heap   total 251904K, used 128730K [0x0000000080000000, 0x0000000100000000)
  region size 1024K, 2 young (2048K), 2 survivors (2048K)
 Metaspace       used 129050K, capacity 133295K, committed 133672K, reserved 1165312K
  class space    used 16134K, capacity 17656K, committed 17792K, reserved 1048576K
}
Event: 2967.675 GC heap before
{Heap before GC invocations=71 (full 0):
 garbage-first heap   total 251904K, used 222938K [0x0000000080000000, 0x0000000100000000)
  region size 1024K, 77 young (78848K), 2 survivors (2048K)
 Metaspace       used 129384K, capacity 133686K, committed 133928K, reserved 1165312K
  class space    used 16179K, capacity 17739K, committed 17792K, reserved 1048576K
}
Event: 2967.684 GC heap after
{Heap after GC invocations=72 (full 0):
 garbage-first heap   total 251904K, used 136780K [0x0000000080000000, 0x0000000100000000)
  region size 1024K, 10 young (10240K), 10 survivors (10240K)
 Metaspace       used 129384K, capacity 133686K, committed 133928K, reserved 1165312K
  class space    used 16179K, capacity 17739K, committed 17792K, reserved 1048576K
}
Event: 2967.694 GC heap before
{Heap before GC invocations=72 (full 0):
 garbage-first heap   total 251904K, used 138828K [0x0000000080000000, 0x0000000100000000)
  region size 1024K, 12 young (12288K), 10 survivors (10240K)
 Metaspace       used 129384K, capacity 133686K, committed 133928K, reserved 1165312K
  class space    used 16179K, capacity 17739K, committed 17792K, reserved 1048576K
}
Event: 2967.703 GC heap after
{Heap after GC invocations=73 (full 0):
 garbage-first heap   total 251904K, used 136598K [0x0000000080000000, 0x0000000100000000)
  region size 1024K, 2 young (2048K), 2 survivors (2048K)
 Metaspace       used 129384K, capacity 133686K, committed 133928K, reserved 1165312K
  class space    used 16179K, capacity 17739K, committed 17792K, reserved 1048576K
}

