# JRE version: OpenJDK Runtime Environment (11.0.15) (build 11.0.15+0-b2043.56-9505619)
# Java VM: OpenJDK 64-Bit Server VM (11.0.15+0-b2043.56-9505619, mixed mode, tiered, compressed oops, g1 gc, windows-amd64)
Heap:
 garbage-first heap   total 303104K, used 26166K [0x000000070a000000, 0x0000000800000000)
  region size 1024K, 2 young (2048K), 2 survivors (2048K)
 Metaspace       used 35046K, capacity 35520K, committed 35628K, reserved 1081344K
  class space    used 4291K, capacity 4475K, committed 4480K, reserved 1048576K
GC Heap History (9 events):
Event: 0.467 GC heap before
{Heap before GC invocations=0 (full 0):
 garbage-first heap   total 251904K, used 28672K [0x000000070a000000, 0x0000000800000000)
  region size 1024K, 24 young (24576K), 0 survivors (0K)
 Metaspace       used 12123K, capacity 12280K, committed 12544K, reserved 1060864K
  class space    used 1118K, capacity 1175K, committed 1280K, reserved 1048576K
}
Event: 0.470 GC heap after
{Heap after GC invocations=1 (full 0):
 garbage-first heap   total 251904K, used 6693K [0x000000070a000000, 0x0000000800000000)
  region size 1024K, 3 young (3072K), 3 survivors (3072K)
 Metaspace       used 12123K, capacity 12280K, committed 12544K, reserved 1060864K
  class space    used 1118K, capacity 1175K, committed 1280K, reserved 1048576K
}
Event: 1.094 GC heap before
{Heap before GC invocations=1 (full 0):
 garbage-first heap   total 251904K, used 45605K [0x000000070a000000, 0x0000000800000000)
  region size 1024K, 42 young (43008K), 3 survivors (3072K)
 Metaspace       used 20916K, capacity 21123K, committed 21248K, reserved 1069056K
  class space    used 2220K, capacity 2280K, committed 2304K, reserved 1048576K
}
Event: 1.108 GC heap after
{Heap after GC invocations=2 (full 0):
 garbage-first heap   total 251904K, used 10747K [0x000000070a000000, 0x0000000800000000)
  region size 1024K, 7 young (7168K), 7 survivors (7168K)
 Metaspace       used 20916K, capacity 21123K, committed 21248K, reserved 1069056K
  class space    used 2220K, capacity 2280K, committed 2304K, reserved 1048576K
}
Event: 1.871 GC heap before
{Heap before GC invocations=3 (full 0):
 garbage-first heap   total 251904K, used 70139K [0x000000070a000000, 0x0000000800000000)
  region size 1024K, 59 young (60416K), 7 survivors (7168K)
 Metaspace       used 31781K, capacity 32283K, committed 32512K, reserved 1077248K
  class space    used 3871K, capacity 4057K, committed 4096K, reserved 1048576K
}
Event: 1.882 GC heap after
{Heap after GC invocations=4 (full 0):
 garbage-first heap   total 251904K, used 24443K [0x000000070a000000, 0x0000000800000000)
  region size 1024K, 8 young (8192K), 8 survivors (8192K)
 Metaspace       used 31781K, capacity 32283K, committed 32512K, reserved 1077248K
  class space    used 3871K, capacity 4057K, committed 4096K, reserved 1048576K
}
Event: 1.956 GC heap before
{Heap before GC invocations=4 (full 0):
 garbage-first heap   total 251904K, used 28539K [0x000000070a000000, 0x0000000800000000)
  region size 1024K, 12 young (12288K), 8 survivors (8192K)
 Metaspace       used 32815K, capacity 33344K, committed 33536K, reserved 1079296K
  class space    used 4070K, capacity 4283K, committed 4352K, reserved 1048576K
}
Event: 1.963 GC heap after
{Heap after GC invocations=5 (full 0):
 garbage-first heap   total 251904K, used 26148K [0x000000070a000000, 0x0000000800000000)
  region size 1024K, 2 young (2048K), 2 survivors (2048K)
 Metaspace       used 32815K, capacity 33344K, committed 33536K, reserved 1079296K
  class space    used 4070K, capacity 4283K, committed 4352K, reserved 1048576K
}
Event: 2.091 GC heap before
{Heap before GC invocations=5 (full 0):
 garbage-first heap   total 251904K, used 35364K [0x000000070a000000, 0x0000000800000000)
  region size 1024K, 12 young (12288K), 2 survivors (2048K)
 Metaspace       used 35046K, capacity 35520K, committed 35628K, reserved 1081344K
  class space    used 4291K, capacity 4475K, committed 4480K, reserved 1048576K
}

